# JRE version: OpenJDK Runtime Environment Temurin-17.0.5+8 (17.0.5+8) (build 17.0.5+8)
# Java VM: OpenJDK 64-Bit Server VM Temurin-17.0.5+8 (17.0.5+8, mixed mode, tiered, compressed oops, compressed class ptrs, parallel gc, windows-amd64)
GC Precious Log:
 CPUs: 4 total, 4 available
 Memory: 7992M
 Large Page Support: Disabled
 NUMA Support: Disabled
 Compressed Oops: Enabled (32-bit)
 Alignments: Space 512K, Generation 512K, Heap 2M
 Heap Min Capacity: 100M
 Heap Initial Capacity: 100M
 Heap Max Capacity: 1G
 Pre-touch: Disabled
 Parallel Workers: 4
Heap:
 PSYoungGen      total 10752K, used 4296K [0x00000000eab00000, 0x00000000ec980000, 0x0000000100000000)
  eden space 8704K, 26% used [0x00000000eab00000,0x00000000ead39788,0x00000000eb380000)
  from space 2048K, 98% used [0x00000000ebb80000,0x00000000ebd788a0,0x00000000ebd80000)
  to   space 8192K, 0% used [0x00000000eb380000,0x00000000eb380000,0x00000000ebb80000)
 ParOldGen       total 71168K, used 55806K [0x00000000c0000000, 0x00000000c4580000, 0x00000000eab00000)
  object space 71168K, 78% used [0x00000000c0000000,0x00000000c367fac0,0x00000000c4580000)
 Metaspace       used 68815K, committed 70016K, reserved 1114112K
  class space    used 7101K, committed 7680K, reserved 1048576K
GC Heap History (20 events):
Event: 16.190 GC heap before
{Heap before GC invocations=58 (full 3):
 PSYoungGen      total 20992K, used 20431K [0x00000000eab00000, 0x00000000ec300000, 0x0000000100000000)
  eden space 17408K, 100% used [0x00000000eab00000,0x00000000ebc00000,0x00000000ebc00000)
  from space 3584K, 84% used [0x00000000ebf80000,0x00000000ec273d08,0x00000000ec300000)
  to   space 3584K, 0% used [0x00000000ebc00000,0x00000000ebc00000,0x00000000ebf80000)
 ParOldGen       total 68608K, used 63128K [0x00000000c0000000, 0x00000000c4300000, 0x00000000eab00000)
  object space 68608K, 92% used [0x00000000c0000000,0x00000000c3da61c0,0x00000000c4300000)
 Metaspace       used 63039K, committed 64128K, reserved 1114112K
  class space    used 6570K, committed 7040K, reserved 1048576K
}
Event: 16.197 GC heap after
{Heap after GC invocations=58 (full 3):
 PSYoungGen      total 20992K, used 3450K [0x00000000eab00000, 0x00000000ec300000, 0x0000000100000000)
  eden space 17408K, 0% used [0x00000000eab00000,0x00000000eab00000,0x00000000ebc00000)
  from space 3584K, 96% used [0x00000000ebc00000,0x00000000ebf5e900,0x00000000ebf80000)
  to   space 3584K, 0% used [0x00000000ebf80000,0x00000000ebf80000,0x00000000ec300000)
 ParOldGen       total 68608K, used 66044K [0x00000000c0000000, 0x00000000c4300000, 0x00000000eab00000)
  object space 68608K, 96% used [0x00000000c0000000,0x00000000c407f1d0,0x00000000c4300000)
 Metaspace       used 63039K, committed 64128K, reserved 1114112K
  class space    used 6570K, committed 7040K, reserved 1048576K
}
Event: 16.197 GC heap before
{Heap before GC invocations=59 (full 4):
 PSYoungGen      total 20992K, used 3450K [0x00000000eab00000, 0x00000000ec300000, 0x0000000100000000)
  eden space 17408K, 0% used [0x00000000eab00000,0x00000000eab00000,0x00000000ebc00000)
  from space 3584K, 96% used [0x00000000ebc00000,0x00000000ebf5e900,0x00000000ebf80000)
  to   space 3584K, 0% used [0x00000000ebf80000,0x00000000ebf80000,0x00000000ec300000)
 ParOldGen       total 68608K, used 66044K [0x00000000c0000000, 0x00000000c4300000, 0x00000000eab00000)
  object space 68608K, 96% used [0x00000000c0000000,0x00000000c407f1d0,0x00000000c4300000)
 Metaspace       used 63039K, committed 64128K, reserved 1114112K
  class space    used 6570K, committed 7040K, reserved 1048576K
}
Event: 16.292 GC heap after
{Heap after GC invocations=59 (full 4):
 PSYoungGen      total 20992K, used 0K [0x00000000eab00000, 0x00000000ec300000, 0x0000000100000000)
  eden space 17408K, 0% used [0x00000000eab00000,0x00000000eab00000,0x00000000ebc00000)
  from space 3584K, 0% used [0x00000000ebf80000,0x00000000ebf80000,0x00000000ec300000)
  to   space 3584K, 0% used [0x00000000ebc00000,0x00000000ebc00000,0x00000000ebf80000)
 ParOldGen       total 71168K, used 43060K [0x00000000c0000000, 0x00000000c4580000, 0x00000000eab00000)
  object space 71168K, 60% used [0x00000000c0000000,0x00000000c2a0d2d0,0x00000000c4580000)
 Metaspace       used 63039K, committed 64128K, reserved 1114112K
  class space    used 6570K, committed 7040K, reserved 1048576K
}
Event: 16.562 GC heap before
{Heap before GC invocations=60 (full 4):
 PSYoungGen      total 20992K, used 17408K [0x00000000eab00000, 0x00000000ec300000, 0x0000000100000000)
  eden space 17408K, 100% used [0x00000000eab00000,0x00000000ebc00000,0x00000000ebc00000)
  from space 3584K, 0% used [0x00000000ebf80000,0x00000000ebf80000,0x00000000ec300000)
  to   space 3584K, 0% used [0x00000000ebc00000,0x00000000ebc00000,0x00000000ebf80000)
 ParOldGen       total 71168K, used 43060K [0x00000000c0000000, 0x00000000c4580000, 0x00000000eab00000)
  object space 71168K, 60% used [0x00000000c0000000,0x00000000c2a0d2d0,0x00000000c4580000)
 Metaspace       used 63164K, committed 64256K, reserved 1114112K
  class space    used 6580K, committed 7040K, reserved 1048576K
}
Event: 16.566 GC heap after
{Heap after GC invocations=60 (full 4):
 PSYoungGen      total 19968K, used 2139K [0x00000000eab00000, 0x00000000ec200000, 0x0000000100000000)
  eden space 17408K, 0% used [0x00000000eab00000,0x00000000eab00000,0x00000000ebc00000)
  from space 2560K, 83% used [0x00000000ebc00000,0x00000000ebe16e80,0x00000000ebe80000)
  to   space 3072K, 0% used [0x00000000ebf00000,0x00000000ebf00000,0x00000000ec200000)
 ParOldGen       total 71168K, used 43068K [0x00000000c0000000, 0x00000000c4580000, 0x00000000eab00000)
  object space 71168K, 60% used [0x00000000c0000000,0x00000000c2a0f2d0,0x00000000c4580000)
 Metaspace       used 63164K, committed 64256K, reserved 1114112K
  class space    used 6580K, committed 7040K, reserved 1048576K
}
Event: 16.779 GC heap before
{Heap before GC invocations=61 (full 4):
 PSYoungGen      total 19968K, used 19547K [0x00000000eab00000, 0x00000000ec200000, 0x0000000100000000)
  eden space 17408K, 100% used [0x00000000eab00000,0x00000000ebc00000,0x00000000ebc00000)
  from space 2560K, 83% used [0x00000000ebc00000,0x00000000ebe16e80,0x00000000ebe80000)
  to   space 3072K, 0% used [0x00000000ebf00000,0x00000000ebf00000,0x00000000ec200000)
 ParOldGen       total 71168K, used 43068K [0x00000000c0000000, 0x00000000c4580000, 0x00000000eab00000)
  object space 71168K, 60% used [0x00000000c0000000,0x00000000c2a0f2d0,0x00000000c4580000)
 Metaspace       used 63415K, committed 64512K, reserved 1114112K
  class space    used 6584K, committed 7104K, reserved 1048576K
}
Event: 16.787 GC heap after
{Heap after GC invocations=61 (full 4):
 PSYoungGen      total 17920K, used 3055K [0x00000000eab00000, 0x00000000ec700000, 0x0000000100000000)
  eden space 14848K, 0% used [0x00000000eab00000,0x00000000eab00000,0x00000000eb980000)
  from space 3072K, 99% used [0x00000000ebf00000,0x00000000ec1fbc50,0x00000000ec200000)
  to   space 5632K, 0% used [0x00000000eb980000,0x00000000eb980000,0x00000000ebf00000)
 ParOldGen       total 71168K, used 45095K [0x00000000c0000000, 0x00000000c4580000, 0x00000000eab00000)
  object space 71168K, 63% used [0x00000000c0000000,0x00000000c2c09c90,0x00000000c4580000)
 Metaspace       used 63415K, committed 64512K, reserved 1114112K
  class space    used 6584K, committed 7104K, reserved 1048576K
}
Event: 17.226 GC heap before
{Heap before GC invocations=62 (full 4):
 PSYoungGen      total 17920K, used 17903K [0x00000000eab00000, 0x00000000ec700000, 0x0000000100000000)
  eden space 14848K, 100% used [0x00000000eab00000,0x00000000eb980000,0x00000000eb980000)
  from space 3072K, 99% used [0x00000000ebf00000,0x00000000ec1fbc50,0x00000000ec200000)
  to   space 5632K, 0% used [0x00000000eb980000,0x00000000eb980000,0x00000000ebf00000)
 ParOldGen       total 71168K, used 45095K [0x00000000c0000000, 0x00000000c4580000, 0x00000000eab00000)
  object space 71168K, 63% used [0x00000000c0000000,0x00000000c2c09c90,0x00000000c4580000)
 Metaspace       used 64232K, committed 65408K, reserved 1114112K
  class space    used 6675K, committed 7232K, reserved 1048576K
}
Event: 17.231 GC heap after
{Heap after GC invocations=62 (full 4):
 PSYoungGen      total 15872K, used 1015K [0x00000000eab00000, 0x00000000ebf80000, 0x0000000100000000)
  eden space 14848K, 0% used [0x00000000eab00000,0x00000000eab00000,0x00000000eb980000)
  from space 1024K, 99% used [0x00000000eb980000,0x00000000eba7df50,0x00000000eba80000)
  to   space 2560K, 0% used [0x00000000ebd00000,0x00000000ebd00000,0x00000000ebf80000)
 ParOldGen       total 71168K, used 47727K [0x00000000c0000000, 0x00000000c4580000, 0x00000000eab00000)
  object space 71168K, 67% used [0x00000000c0000000,0x00000000c2e9bf70,0x00000000c4580000)
 Metaspace       used 64232K, committed 65408K, reserved 1114112K
  class space    used 6675K, committed 7232K, reserved 1048576K
}
Event: 17.491 GC heap before
{Heap before GC invocations=63 (full 4):
 PSYoungGen      total 15872K, used 15863K [0x00000000eab00000, 0x00000000ebf80000, 0x0000000100000000)
  eden space 14848K, 100% used [0x00000000eab00000,0x00000000eb980000,0x00000000eb980000)
  from space 1024K, 99% used [0x00000000eb980000,0x00000000eba7df50,0x00000000eba80000)
  to   space 2560K, 0% used [0x00000000ebd00000,0x00000000ebd00000,0x00000000ebf80000)
 ParOldGen       total 71168K, used 47727K [0x00000000c0000000, 0x00000000c4580000, 0x00000000eab00000)
  object space 71168K, 67% used [0x00000000c0000000,0x00000000c2e9bf70,0x00000000c4580000)
 Metaspace       used 66107K, committed 67264K, reserved 1114112K
  class space    used 6815K, committed 7360K, reserved 1048576K
}
Event: 17.495 GC heap after
{Heap after GC invocations=63 (full 4):
 PSYoungGen      total 17408K, used 2164K [0x00000000eab00000, 0x00000000ebf80000, 0x0000000100000000)
  eden space 14848K, 0% used [0x00000000eab00000,0x00000000eab00000,0x00000000eb980000)
  from space 2560K, 84% used [0x00000000ebd00000,0x00000000ebf1d200,0x00000000ebf80000)
  to   space 2560K, 0% used [0x00000000eba80000,0x00000000eba80000,0x00000000ebd00000)
 ParOldGen       total 71168K, used 47735K [0x00000000c0000000, 0x00000000c4580000, 0x00000000eab00000)
  object space 71168K, 67% used [0x00000000c0000000,0x00000000c2e9df70,0x00000000c4580000)
 Metaspace       used 66107K, committed 67264K, reserved 1114112K
  class space    used 6815K, committed 7360K, reserved 1048576K
}
Event: 17.738 GC heap before
{Heap before GC invocations=64 (full 4):
 PSYoungGen      total 17408K, used 17012K [0x00000000eab00000, 0x00000000ebf80000, 0x0000000100000000)
  eden space 14848K, 100% used [0x00000000eab00000,0x00000000eb980000,0x00000000eb980000)
  from space 2560K, 84% used [0x00000000ebd00000,0x00000000ebf1d200,0x00000000ebf80000)
  to   space 2560K, 0% used [0x00000000eba80000,0x00000000eba80000,0x00000000ebd00000)
 ParOldGen       total 71168K, used 47735K [0x00000000c0000000, 0x00000000c4580000, 0x00000000eab00000)
  object space 71168K, 67% used [0x00000000c0000000,0x00000000c2e9df70,0x00000000c4580000)
 Metaspace       used 66960K, committed 68160K, reserved 1114112K
  class space    used 6902K, committed 7488K, reserved 1048576K
}
Event: 17.745 GC heap after
{Heap after GC invocations=64 (full 4):
 PSYoungGen      total 17408K, used 2358K [0x00000000eab00000, 0x00000000ebe80000, 0x0000000100000000)
  eden space 14848K, 0% used [0x00000000eab00000,0x00000000eab00000,0x00000000eb980000)
  from space 2560K, 92% used [0x00000000eba80000,0x00000000ebccda60,0x00000000ebd00000)
  to   space 1536K, 0% used [0x00000000ebd00000,0x00000000ebd00000,0x00000000ebe80000)
 ParOldGen       total 71168K, used 47743K [0x00000000c0000000, 0x00000000c4580000, 0x00000000eab00000)
  object space 71168K, 67% used [0x00000000c0000000,0x00000000c2e9ff70,0x00000000c4580000)
 Metaspace       used 66960K, committed 68160K, reserved 1114112K
  class space    used 6902K, committed 7488K, reserved 1048576K
}
Event: 18.236 GC heap before
{Heap before GC invocations=65 (full 4):
 PSYoungGen      total 17408K, used 17206K [0x00000000eab00000, 0x00000000ebe80000, 0x0000000100000000)
  eden space 14848K, 100% used [0x00000000eab00000,0x00000000eb980000,0x00000000eb980000)
  from space 2560K, 92% used [0x00000000eba80000,0x00000000ebccda60,0x00000000ebd00000)
  to   space 1536K, 0% used [0x00000000ebd00000,0x00000000ebd00000,0x00000000ebe80000)
 ParOldGen       total 71168K, used 47743K [0x00000000c0000000, 0x00000000c4580000, 0x00000000eab00000)
  object space 71168K, 67% used [0x00000000c0000000,0x00000000c2e9ff70,0x00000000c4580000)
 Metaspace       used 67366K, committed 68544K, reserved 1114112K
  class space    used 6927K, committed 7488K, reserved 1048576K
}
Event: 18.240 GC heap after
{Heap after GC invocations=65 (full 4):
 PSYoungGen      total 16384K, used 1536K [0x00000000eab00000, 0x00000000ec080000, 0x0000000100000000)
  eden space 14848K, 0% used [0x00000000eab00000,0x00000000eab00000,0x00000000eb980000)
  from space 1536K, 100% used [0x00000000ebd00000,0x00000000ebe80000,0x00000000ebe80000)
  to   space 3584K, 0% used [0x00000000eb980000,0x00000000eb980000,0x00000000ebd00000)
 ParOldGen       total 71168K, used 49583K [0x00000000c0000000, 0x00000000c4580000, 0x00000000eab00000)
  object space 71168K, 69% used [0x00000000c0000000,0x00000000c306bff0,0x00000000c4580000)
 Metaspace       used 67366K, committed 68544K, reserved 1114112K
  class space    used 6927K, committed 7488K, reserved 1048576K
}
Event: 18.600 GC heap before
{Heap before GC invocations=66 (full 4):
 PSYoungGen      total 16384K, used 16384K [0x00000000eab00000, 0x00000000ec080000, 0x0000000100000000)
  eden space 14848K, 100% used [0x00000000eab00000,0x00000000eb980000,0x00000000eb980000)
  from space 1536K, 100% used [0x00000000ebd00000,0x00000000ebe80000,0x00000000ebe80000)
  to   space 3584K, 0% used [0x00000000eb980000,0x00000000eb980000,0x00000000ebd00000)
 ParOldGen       total 71168K, used 49583K [0x00000000c0000000, 0x00000000c4580000, 0x00000000eab00000)
  object space 71168K, 69% used [0x00000000c0000000,0x00000000c306bff0,0x00000000c4580000)
 Metaspace       used 67826K, committed 68992K, reserved 1114112K
  class space    used 6960K, committed 7488K, reserved 1048576K
}
Event: 18.603 GC heap after
{Heap after GC invocations=66 (full 4):
 PSYoungGen      total 16384K, used 1280K [0x00000000eab00000, 0x00000000ebd80000, 0x0000000100000000)
  eden space 14848K, 0% used [0x00000000eab00000,0x00000000eab00000,0x00000000eb980000)
  from space 1536K, 83% used [0x00000000eb980000,0x00000000ebac0000,0x00000000ebb00000)
  to   space 2048K, 0% used [0x00000000ebb80000,0x00000000ebb80000,0x00000000ebd80000)
 ParOldGen       total 71168K, used 50762K [0x00000000c0000000, 0x00000000c4580000, 0x00000000eab00000)
  object space 71168K, 71% used [0x00000000c0000000,0x00000000c3192940,0x00000000c4580000)
 Metaspace       used 67826K, committed 68992K, reserved 1114112K
  class space    used 6960K, committed 7488K, reserved 1048576K
}
Event: 19.094 GC heap before
{Heap before GC invocations=67 (full 4):
 PSYoungGen      total 16384K, used 16128K [0x00000000eab00000, 0x00000000ebd80000, 0x0000000100000000)
  eden space 14848K, 100% used [0x00000000eab00000,0x00000000eb980000,0x00000000eb980000)
  from space 1536K, 83% used [0x00000000eb980000,0x00000000ebac0000,0x00000000ebb00000)
  to   space 2048K, 0% used [0x00000000ebb80000,0x00000000ebb80000,0x00000000ebd80000)
 ParOldGen       total 71168K, used 50762K [0x00000000c0000000, 0x00000000c4580000, 0x00000000eab00000)
  object space 71168K, 71% used [0x00000000c0000000,0x00000000c3192940,0x00000000c4580000)
 Metaspace       used 68796K, committed 70016K, reserved 1114112K
  class space    used 7100K, committed 7680K, reserved 1048576K
}
Event: 19.104 GC heap after
{Heap after GC invocations=67 (full 4):
 PSYoungGen      total 10752K, used 2018K [0x00000000eab00000, 0x00000000ec980000, 0x0000000100000000)
  eden space 8704K, 0% used [0x00000000eab00000,0x00000000eab00000,0x00000000eb380000)
  from space 2048K, 98% used [0x00000000ebb80000,0x00000000ebd788a0,0x00000000ebd80000)
  to   space 8192K, 0% used [0x00000000eb380000,0x00000000eb380000,0x00000000ebb80000)
 ParOldGen       total 71168K, used 55806K [0x00000000c0000000, 0x00000000c4580000, 0x00000000eab00000)
  object space 71168K, 78% used [0x00000000c0000000,0x00000000c367fac0,0x00000000c4580000)
 Metaspace       used 68796K, committed 70016K, reserved 1114112K
  class space    used 7100K, committed 7680K, reserved 1048576K
}

