# JRE version: OpenJDK Runtime Environment Temurin-17.0.5+8 (17.0.5+8) (build 17.0.5+8)
# Java VM: OpenJDK 64-Bit Server VM Temurin-17.0.5+8 (17.0.5+8, mixed mode, tiered, compressed oops, compressed class ptrs, parallel gc, windows-amd64)
GC Precious Log:
 CPUs: 4 total, 4 available
 Memory: 7992M
 Large Page Support: Disabled
 NUMA Support: Disabled
 Compressed Oops: Enabled (32-bit)
 Alignments: Space 512K, Generation 512K, Heap 2M
 Heap Min Capacity: 100M
 Heap Initial Capacity: 100M
 Heap Max Capacity: 1G
 Pre-touch: Disabled
 Parallel Workers: 4
Heap:
 PSYoungGen      total 6144K, used 6003K [0x00000000eab00000, 0x00000000eb300000, 0x0000000100000000)
  eden space 4096K, 99% used [0x00000000eab00000,0x00000000eaefffb8,0x00000000eaf00000)
  from space 2048K, 93% used [0x00000000eaf00000,0x00000000eb0dcd10,0x00000000eb100000)
  to   space 2048K, 99% used [0x00000000eb100000,0x00000000eb2fcd10,0x00000000eb300000)
 ParOldGen       total 139264K, used 107331K [0x00000000c0000000, 0x00000000c8800000, 0x00000000eab00000)
  object space 139264K, 77% used [0x00000000c0000000,0x00000000c68d0ed0,0x00000000c8800000)
 Metaspace       used 94266K, committed 95488K, reserved 1138688K
  class space    used 9531K, committed 10112K, reserved 1048576K
GC Heap History (20 events):
Event: 13823.793 GC heap after
{Heap after GC invocations=5793 (full 114):
 PSYoungGen      total 5632K, used 180K [0x00000000eab00000, 0x00000000eb180000, 0x0000000100000000)
  eden space 5120K, 0% used [0x00000000eab00000,0x00000000eab00000,0x00000000eb000000)
  from space 512K, 35% used [0x00000000eb100000,0x00000000eb12d200,0x00000000eb180000)
  to   space 512K, 0% used [0x00000000eb000000,0x00000000eb000000,0x00000000eb080000)
 ParOldGen       total 139264K, used 106793K [0x00000000c0000000, 0x00000000c8800000, 0x00000000eab00000)
  object space 139264K, 76% used [0x00000000c0000000,0x00000000c684a5b0,0x00000000c8800000)
 Metaspace       used 94265K, committed 95488K, reserved 1138688K
  class space    used 9531K, committed 10112K, reserved 1048576K
}
Event: 13823.805 GC heap before
{Heap before GC invocations=5794 (full 114):
 PSYoungGen      total 5632K, used 5300K [0x00000000eab00000, 0x00000000eb180000, 0x0000000100000000)
  eden space 5120K, 100% used [0x00000000eab00000,0x00000000eb000000,0x00000000eb000000)
  from space 512K, 35% used [0x00000000eb100000,0x00000000eb12d200,0x00000000eb180000)
  to   space 512K, 0% used [0x00000000eb000000,0x00000000eb000000,0x00000000eb080000)
 ParOldGen       total 139264K, used 106793K [0x00000000c0000000, 0x00000000c8800000, 0x00000000eab00000)
  object space 139264K, 76% used [0x00000000c0000000,0x00000000c684a5b0,0x00000000c8800000)
 Metaspace       used 94265K, committed 95488K, reserved 1138688K
  class space    used 9531K, committed 10112K, reserved 1048576K
}
Event: 13823.806 GC heap after
{Heap after GC invocations=5794 (full 114):
 PSYoungGen      total 5632K, used 128K [0x00000000eab00000, 0x00000000eb180000, 0x0000000100000000)
  eden space 5120K, 0% used [0x00000000eab00000,0x00000000eab00000,0x00000000eb000000)
  from space 512K, 25% used [0x00000000eb000000,0x00000000eb020000,0x00000000eb080000)
  to   space 512K, 0% used [0x00000000eb100000,0x00000000eb100000,0x00000000eb180000)
 ParOldGen       total 139264K, used 106793K [0x00000000c0000000, 0x00000000c8800000, 0x00000000eab00000)
  object space 139264K, 76% used [0x00000000c0000000,0x00000000c684a5b0,0x00000000c8800000)
 Metaspace       used 94265K, committed 95488K, reserved 1138688K
  class space    used 9531K, committed 10112K, reserved 1048576K
}
Event: 13831.277 GC heap before
{Heap before GC invocations=5795 (full 114):
 PSYoungGen      total 5632K, used 5248K [0x00000000eab00000, 0x00000000eb180000, 0x0000000100000000)
  eden space 5120K, 100% used [0x00000000eab00000,0x00000000eb000000,0x00000000eb000000)
  from space 512K, 25% used [0x00000000eb000000,0x00000000eb020000,0x00000000eb080000)
  to   space 512K, 0% used [0x00000000eb100000,0x00000000eb100000,0x00000000eb180000)
 ParOldGen       total 139264K, used 106793K [0x00000000c0000000, 0x00000000c8800000, 0x00000000eab00000)
  object space 139264K, 76% used [0x00000000c0000000,0x00000000c684a5b0,0x00000000c8800000)
 Metaspace       used 94265K, committed 95488K, reserved 1138688K
  class space    used 9531K, committed 10112K, reserved 1048576K
}
Event: 13831.279 GC heap after
{Heap after GC invocations=5795 (full 114):
 PSYoungGen      total 5632K, used 458K [0x00000000eab00000, 0x00000000eb200000, 0x0000000100000000)
  eden space 5120K, 0% used [0x00000000eab00000,0x00000000eab00000,0x00000000eb000000)
  from space 512K, 89% used [0x00000000eb100000,0x00000000eb172910,0x00000000eb180000)
  to   space 1024K, 0% used [0x00000000eb000000,0x00000000eb000000,0x00000000eb100000)
 ParOldGen       total 139264K, used 106793K [0x00000000c0000000, 0x00000000c8800000, 0x00000000eab00000)
  object space 139264K, 76% used [0x00000000c0000000,0x00000000c684a5b0,0x00000000c8800000)
 Metaspace       used 94265K, committed 95488K, reserved 1138688K
  class space    used 9531K, committed 10112K, reserved 1048576K
}
Event: 13831.318 GC heap before
{Heap before GC invocations=5796 (full 114):
 PSYoungGen      total 5632K, used 5578K [0x00000000eab00000, 0x00000000eb200000, 0x0000000100000000)
  eden space 5120K, 100% used [0x00000000eab00000,0x00000000eb000000,0x00000000eb000000)
  from space 512K, 89% used [0x00000000eb100000,0x00000000eb172910,0x00000000eb180000)
  to   space 1024K, 0% used [0x00000000eb000000,0x00000000eb000000,0x00000000eb100000)
 ParOldGen       total 139264K, used 106793K [0x00000000c0000000, 0x00000000c8800000, 0x00000000eab00000)
  object space 139264K, 76% used [0x00000000c0000000,0x00000000c684a5b0,0x00000000c8800000)
 Metaspace       used 94265K, committed 95488K, reserved 1138688K
  class space    used 9531K, committed 10112K, reserved 1048576K
}
Event: 13831.320 GC heap after
{Heap after GC invocations=5796 (full 114):
 PSYoungGen      total 6144K, used 798K [0x00000000eab00000, 0x00000000eb200000, 0x0000000100000000)
  eden space 5120K, 0% used [0x00000000eab00000,0x00000000eab00000,0x00000000eb000000)
  from space 1024K, 78% used [0x00000000eb000000,0x00000000eb0c7b10,0x00000000eb100000)
  to   space 1024K, 0% used [0x00000000eb100000,0x00000000eb100000,0x00000000eb200000)
 ParOldGen       total 139264K, used 106793K [0x00000000c0000000, 0x00000000c8800000, 0x00000000eab00000)
  object space 139264K, 76% used [0x00000000c0000000,0x00000000c684a5b0,0x00000000c8800000)
 Metaspace       used 94265K, committed 95488K, reserved 1138688K
  class space    used 9531K, committed 10112K, reserved 1048576K
}
Event: 13831.368 GC heap before
{Heap before GC invocations=5797 (full 114):
 PSYoungGen      total 6144K, used 5918K [0x00000000eab00000, 0x00000000eb200000, 0x0000000100000000)
  eden space 5120K, 100% used [0x00000000eab00000,0x00000000eb000000,0x00000000eb000000)
  from space 1024K, 78% used [0x00000000eb000000,0x00000000eb0c7b10,0x00000000eb100000)
  to   space 1024K, 0% used [0x00000000eb100000,0x00000000eb100000,0x00000000eb200000)
 ParOldGen       total 139264K, used 106793K [0x00000000c0000000, 0x00000000c8800000, 0x00000000eab00000)
  object space 139264K, 76% used [0x00000000c0000000,0x00000000c684a5b0,0x00000000c8800000)
 Metaspace       used 94265K, committed 95488K, reserved 1138688K
  class space    used 9531K, committed 10112K, reserved 1048576K
}
Event: 13831.370 GC heap after
{Heap after GC invocations=5797 (full 114):
 PSYoungGen      total 6144K, used 862K [0x00000000eab00000, 0x00000000eb200000, 0x0000000100000000)
  eden space 5120K, 0% used [0x00000000eab00000,0x00000000eab00000,0x00000000eb000000)
  from space 1024K, 84% used [0x00000000eb100000,0x00000000eb1d7b10,0x00000000eb200000)
  to   space 1024K, 0% used [0x00000000eb000000,0x00000000eb000000,0x00000000eb100000)
 ParOldGen       total 139264K, used 106817K [0x00000000c0000000, 0x00000000c8800000, 0x00000000eab00000)
  object space 139264K, 76% used [0x00000000c0000000,0x00000000c68505b0,0x00000000c8800000)
 Metaspace       used 94265K, committed 95488K, reserved 1138688K
  class space    used 9531K, committed 10112K, reserved 1048576K
}
Event: 13831.754 GC heap before
{Heap before GC invocations=5798 (full 114):
 PSYoungGen      total 6144K, used 5982K [0x00000000eab00000, 0x00000000eb200000, 0x0000000100000000)
  eden space 5120K, 100% used [0x00000000eab00000,0x00000000eb000000,0x00000000eb000000)
  from space 1024K, 84% used [0x00000000eb100000,0x00000000eb1d7b10,0x00000000eb200000)
  to   space 1024K, 0% used [0x00000000eb000000,0x00000000eb000000,0x00000000eb100000)
 ParOldGen       total 139264K, used 106817K [0x00000000c0000000, 0x00000000c8800000, 0x00000000eab00000)
  object space 139264K, 76% used [0x00000000c0000000,0x00000000c68505b0,0x00000000c8800000)
 Metaspace       used 94265K, committed 95488K, reserved 1138688K
  class space    used 9531K, committed 10112K, reserved 1048576K
}
Event: 13831.755 GC heap after
{Heap after GC invocations=5798 (full 114):
 PSYoungGen      total 6144K, used 766K [0x00000000eab00000, 0x00000000eb200000, 0x0000000100000000)
  eden space 5120K, 0% used [0x00000000eab00000,0x00000000eab00000,0x00000000eb000000)
  from space 1024K, 74% used [0x00000000eb000000,0x00000000eb0bfb10,0x00000000eb100000)
  to   space 1024K, 0% used [0x00000000eb100000,0x00000000eb100000,0x00000000eb200000)
 ParOldGen       total 139264K, used 106817K [0x00000000c0000000, 0x00000000c8800000, 0x00000000eab00000)
  object space 139264K, 76% used [0x00000000c0000000,0x00000000c68505b0,0x00000000c8800000)
 Metaspace       used 94265K, committed 95488K, reserved 1138688K
  class space    used 9531K, committed 10112K, reserved 1048576K
}
Event: 13831.777 GC heap before
{Heap before GC invocations=5799 (full 114):
 PSYoungGen      total 6144K, used 5886K [0x00000000eab00000, 0x00000000eb200000, 0x0000000100000000)
  eden space 5120K, 100% used [0x00000000eab00000,0x00000000eb000000,0x00000000eb000000)
  from space 1024K, 74% used [0x00000000eb000000,0x00000000eb0bfb10,0x00000000eb100000)
  to   space 1024K, 0% used [0x00000000eb100000,0x00000000eb100000,0x00000000eb200000)
 ParOldGen       total 139264K, used 106817K [0x00000000c0000000, 0x00000000c8800000, 0x00000000eab00000)
  object space 139264K, 76% used [0x00000000c0000000,0x00000000c68505b0,0x00000000c8800000)
 Metaspace       used 94265K, committed 95488K, reserved 1138688K
  class space    used 9531K, committed 10112K, reserved 1048576K
}
Event: 13831.780 GC heap after
{Heap after GC invocations=5799 (full 114):
 PSYoungGen      total 5632K, used 1001K [0x00000000eab00000, 0x00000000eb300000, 0x0000000100000000)
  eden space 4608K, 0% used [0x00000000eab00000,0x00000000eab00000,0x00000000eaf80000)
  from space 1024K, 97% used [0x00000000eb100000,0x00000000eb1fa400,0x00000000eb200000)
  to   space 1536K, 0% used [0x00000000eaf80000,0x00000000eaf80000,0x00000000eb100000)
 ParOldGen       total 139264K, used 107209K [0x00000000c0000000, 0x00000000c8800000, 0x00000000eab00000)
  object space 139264K, 76% used [0x00000000c0000000,0x00000000c68b25b0,0x00000000c8800000)
 Metaspace       used 94265K, committed 95488K, reserved 1138688K
  class space    used 9531K, committed 10112K, reserved 1048576K
}
Event: 13831.796 GC heap before
{Heap before GC invocations=5800 (full 114):
 PSYoungGen      total 5632K, used 5609K [0x00000000eab00000, 0x00000000eb300000, 0x0000000100000000)
  eden space 4608K, 100% used [0x00000000eab00000,0x00000000eaf80000,0x00000000eaf80000)
  from space 1024K, 97% used [0x00000000eb100000,0x00000000eb1fa400,0x00000000eb200000)
  to   space 1536K, 0% used [0x00000000eaf80000,0x00000000eaf80000,0x00000000eb100000)
 ParOldGen       total 139264K, used 107209K [0x00000000c0000000, 0x00000000c8800000, 0x00000000eab00000)
  object space 139264K, 76% used [0x00000000c0000000,0x00000000c68b25b0,0x00000000c8800000)
 Metaspace       used 94266K, committed 95488K, reserved 1138688K
  class space    used 9531K, committed 10112K, reserved 1048576K
}
Event: 13831.798 GC heap after
{Heap after GC invocations=5800 (full 114):
 PSYoungGen      total 6144K, used 1230K [0x00000000eab00000, 0x00000000eb280000, 0x0000000100000000)
  eden space 4608K, 0% used [0x00000000eab00000,0x00000000eab00000,0x00000000eaf80000)
  from space 1536K, 80% used [0x00000000eaf80000,0x00000000eb0b3b00,0x00000000eb100000)
  to   space 1536K, 0% used [0x00000000eb100000,0x00000000eb100000,0x00000000eb280000)
 ParOldGen       total 139264K, used 107217K [0x00000000c0000000, 0x00000000c8800000, 0x00000000eab00000)
  object space 139264K, 76% used [0x00000000c0000000,0x00000000c68b45b0,0x00000000c8800000)
 Metaspace       used 94266K, committed 95488K, reserved 1138688K
  class space    used 9531K, committed 10112K, reserved 1048576K
}
Event: 13831.810 GC heap before
{Heap before GC invocations=5801 (full 114):
 PSYoungGen      total 6144K, used 5793K [0x00000000eab00000, 0x00000000eb280000, 0x0000000100000000)
  eden space 4608K, 99% used [0x00000000eab00000,0x00000000eaf74940,0x00000000eaf80000)
  from space 1536K, 80% used [0x00000000eaf80000,0x00000000eb0b3b00,0x00000000eb100000)
  to   space 1536K, 0% used [0x00000000eb100000,0x00000000eb100000,0x00000000eb280000)
 ParOldGen       total 139264K, used 107217K [0x00000000c0000000, 0x00000000c8800000, 0x00000000eab00000)
  object space 139264K, 76% used [0x00000000c0000000,0x00000000c68b45b0,0x00000000c8800000)
 Metaspace       used 94266K, committed 95488K, reserved 1138688K
  class space    used 9531K, committed 10112K, reserved 1048576K
}
Event: 13831.813 GC heap after
{Heap after GC invocations=5801 (full 114):
 PSYoungGen      total 5632K, used 1534K [0x00000000eab00000, 0x00000000eb380000, 0x0000000100000000)
  eden space 4096K, 0% used [0x00000000eab00000,0x00000000eab00000,0x00000000eaf00000)
  from space 1536K, 99% used [0x00000000eb100000,0x00000000eb27fb10,0x00000000eb280000)
  to   space 2048K, 0% used [0x00000000eaf00000,0x00000000eaf00000,0x00000000eb100000)
 ParOldGen       total 139264K, used 107241K [0x00000000c0000000, 0x00000000c8800000, 0x00000000eab00000)
  object space 139264K, 77% used [0x00000000c0000000,0x00000000c68ba5b0,0x00000000c8800000)
 Metaspace       used 94266K, committed 95488K, reserved 1138688K
  class space    used 9531K, committed 10112K, reserved 1048576K
}
Event: 13832.012 GC heap before
{Heap before GC invocations=5802 (full 114):
 PSYoungGen      total 5632K, used 5630K [0x00000000eab00000, 0x00000000eb380000, 0x0000000100000000)
  eden space 4096K, 100% used [0x00000000eab00000,0x00000000eaf00000,0x00000000eaf00000)
  from space 1536K, 99% used [0x00000000eb100000,0x00000000eb27fb10,0x00000000eb280000)
  to   space 2048K, 0% used [0x00000000eaf00000,0x00000000eaf00000,0x00000000eb100000)
 ParOldGen       total 139264K, used 107241K [0x00000000c0000000, 0x00000000c8800000, 0x00000000eab00000)
  object space 139264K, 77% used [0x00000000c0000000,0x00000000c68ba5b0,0x00000000c8800000)
 Metaspace       used 94266K, committed 95488K, reserved 1138688K
  class space    used 9531K, committed 10112K, reserved 1048576K
}
Event: 13832.014 GC heap after
{Heap after GC invocations=5802 (full 114):
 PSYoungGen      total 6144K, used 1907K [0x00000000eab00000, 0x00000000eb300000, 0x0000000100000000)
  eden space 4096K, 0% used [0x00000000eab00000,0x00000000eab00000,0x00000000eaf00000)
  from space 2048K, 93% used [0x00000000eaf00000,0x00000000eb0dcd10,0x00000000eb100000)
  to   space 2048K, 0% used [0x00000000eb100000,0x00000000eb100000,0x00000000eb300000)
 ParOldGen       total 139264K, used 107241K [0x00000000c0000000, 0x00000000c8800000, 0x00000000eab00000)
  object space 139264K, 77% used [0x00000000c0000000,0x00000000c68ba5b0,0x00000000c8800000)
 Metaspace       used 94266K, committed 95488K, reserved 1138688K
  class space    used 9531K, committed 10112K, reserved 1048576K
}
Event: 13832.598 GC heap before
{Heap before GC invocations=5803 (full 114):
 PSYoungGen      total 6144K, used 6003K [0x00000000eab00000, 0x00000000eb300000, 0x0000000100000000)
  eden space 4096K, 99% used [0x00000000eab00000,0x00000000eaefffb8,0x00000000eaf00000)
  from space 2048K, 93% used [0x00000000eaf00000,0x00000000eb0dcd10,0x00000000eb100000)
  to   space 2048K, 0% used [0x00000000eb100000,0x00000000eb100000,0x00000000eb300000)
 ParOldGen       total 139264K, used 107241K [0x00000000c0000000, 0x00000000c8800000, 0x00000000eab00000)
  object space 139264K, 77% used [0x00000000c0000000,0x00000000c68ba5b0,0x00000000c8800000)
 Metaspace       used 94266K, committed 95488K, reserved 1138688K
  class space    used 9531K, committed 10112K, reserved 1048576K
}

