# JRE version: OpenJDK Runtime Environment Temurin-17.0.5+8 (17.0.5+8) (build 17.0.5+8)
# Java VM: OpenJDK 64-Bit Server VM Temurin-17.0.5+8 (17.0.5+8, mixed mode, tiered, compressed oops, compressed class ptrs, parallel gc, windows-amd64)
GC Precious Log:
 CPUs: 4 total, 4 available
 Memory: 7992M
 Large Page Support: Disabled
 NUMA Support: Disabled
 Compressed Oops: Enabled (32-bit)
 Alignments: Space 512K, Generation 512K, Heap 2M
 Heap Min Capacity: 100M
 Heap Initial Capacity: 100M
 Heap Max Capacity: 1G
 Pre-touch: Disabled
 Parallel Workers: 4
Heap:
 PSYoungGen      total 4096K, used 772K [0x00000000eab00000, 0x00000000eb080000, 0x0000000100000000)
  eden space 3072K, 0% used [0x00000000eab00000,0x00000000eab00000,0x00000000eae00000)
  from space 1024K, 75% used [0x00000000eae00000,0x00000000eaec1210,0x00000000eaf00000)
  to   space 1024K, 0% used [0x00000000eaf80000,0x00000000eaf80000,0x00000000eb080000)
 ParOldGen       total 161792K, used 161329K [0x00000000c0000000, 0x00000000c9e00000, 0x00000000eab00000)
  object space 161792K, 99% used [0x00000000c0000000,0x00000000c9d8c400,0x00000000c9e00000)
 Metaspace       used 85541K, committed 86912K, reserved 1130496K
  class space    used 8530K, committed 9216K, reserved 1048576K
GC Heap History (20 events):
Event: 1136.237 GC heap after
{Heap after GC invocations=1891 (full 45):
 PSYoungGen      total 1536K, used 448K [0x00000000eab00000, 0x00000000eae00000, 0x0000000100000000)
  eden space 1024K, 0% used [0x00000000eab00000,0x00000000eab00000,0x00000000eac00000)
  from space 512K, 87% used [0x00000000ead80000,0x00000000eadf0000,0x00000000eae00000)
  to   space 1024K, 0% used [0x00000000eac00000,0x00000000eac00000,0x00000000ead00000)
 ParOldGen       total 161792K, used 153480K [0x00000000c0000000, 0x00000000c9e00000, 0x00000000eab00000)
  object space 161792K, 94% used [0x00000000c0000000,0x00000000c95e2260,0x00000000c9e00000)
 Metaspace       used 85514K, committed 86848K, reserved 1130496K
  class space    used 8530K, committed 9216K, reserved 1048576K
}
Event: 1136.241 GC heap before
{Heap before GC invocations=1892 (full 45):
 PSYoungGen      total 1536K, used 1472K [0x00000000eab00000, 0x00000000eae00000, 0x0000000100000000)
  eden space 1024K, 100% used [0x00000000eab00000,0x00000000eac00000,0x00000000eac00000)
  from space 512K, 87% used [0x00000000ead80000,0x00000000eadf0000,0x00000000eae00000)
  to   space 1024K, 0% used [0x00000000eac00000,0x00000000eac00000,0x00000000ead00000)
 ParOldGen       total 161792K, used 153480K [0x00000000c0000000, 0x00000000c9e00000, 0x00000000eab00000)
  object space 161792K, 94% used [0x00000000c0000000,0x00000000c95e2260,0x00000000c9e00000)
 Metaspace       used 85514K, committed 86848K, reserved 1130496K
  class space    used 8530K, committed 9216K, reserved 1048576K
}
Event: 1136.245 GC heap after
{Heap after GC invocations=1892 (full 45):
 PSYoungGen      total 2048K, used 1024K [0x00000000eab00000, 0x00000000eaf80000, 0x0000000100000000)
  eden space 1024K, 0% used [0x00000000eab00000,0x00000000eab00000,0x00000000eac00000)
  from space 1024K, 100% used [0x00000000eac00000,0x00000000ead00000,0x00000000ead00000)
  to   space 1536K, 0% used [0x00000000eae00000,0x00000000eae00000,0x00000000eaf80000)
 ParOldGen       total 161792K, used 153888K [0x00000000c0000000, 0x00000000c9e00000, 0x00000000eab00000)
  object space 161792K, 95% used [0x00000000c0000000,0x00000000c9648260,0x00000000c9e00000)
 Metaspace       used 85514K, committed 86848K, reserved 1130496K
  class space    used 8530K, committed 9216K, reserved 1048576K
}
Event: 1136.249 GC heap before
{Heap before GC invocations=1893 (full 45):
 PSYoungGen      total 2048K, used 2048K [0x00000000eab00000, 0x00000000eaf80000, 0x0000000100000000)
  eden space 1024K, 100% used [0x00000000eab00000,0x00000000eac00000,0x00000000eac00000)
  from space 1024K, 100% used [0x00000000eac00000,0x00000000ead00000,0x00000000ead00000)
  to   space 1536K, 0% used [0x00000000eae00000,0x00000000eae00000,0x00000000eaf80000)
 ParOldGen       total 161792K, used 153888K [0x00000000c0000000, 0x00000000c9e00000, 0x00000000eab00000)
  object space 161792K, 95% used [0x00000000c0000000,0x00000000c9648260,0x00000000c9e00000)
 Metaspace       used 85514K, committed 86848K, reserved 1130496K
  class space    used 8530K, committed 9216K, reserved 1048576K
}
Event: 1136.252 GC heap after
{Heap after GC invocations=1893 (full 45):
 PSYoungGen      total 3072K, used 1056K [0x00000000eab00000, 0x00000000eaf80000, 0x0000000100000000)
  eden space 1536K, 0% used [0x00000000eab00000,0x00000000eab00000,0x00000000eac80000)
  from space 1536K, 68% used [0x00000000eae00000,0x00000000eaf08000,0x00000000eaf80000)
  to   space 1536K, 0% used [0x00000000eac80000,0x00000000eac80000,0x00000000eae00000)
 ParOldGen       total 161792K, used 154888K [0x00000000c0000000, 0x00000000c9e00000, 0x00000000eab00000)
  object space 161792K, 95% used [0x00000000c0000000,0x00000000c9742260,0x00000000c9e00000)
 Metaspace       used 85514K, committed 86848K, reserved 1130496K
  class space    used 8530K, committed 9216K, reserved 1048576K
}
Event: 1136.258 GC heap before
{Heap before GC invocations=1894 (full 45):
 PSYoungGen      total 3072K, used 2592K [0x00000000eab00000, 0x00000000eaf80000, 0x0000000100000000)
  eden space 1536K, 100% used [0x00000000eab00000,0x00000000eac80000,0x00000000eac80000)
  from space 1536K, 68% used [0x00000000eae00000,0x00000000eaf08000,0x00000000eaf80000)
  to   space 1536K, 0% used [0x00000000eac80000,0x00000000eac80000,0x00000000eae00000)
 ParOldGen       total 161792K, used 154888K [0x00000000c0000000, 0x00000000c9e00000, 0x00000000eab00000)
  object space 161792K, 95% used [0x00000000c0000000,0x00000000c9742260,0x00000000c9e00000)
 Metaspace       used 85514K, committed 86848K, reserved 1130496K
  class space    used 8530K, committed 9216K, reserved 1048576K
}
Event: 1136.261 GC heap after
{Heap after GC invocations=1894 (full 45):
 PSYoungGen      total 3072K, used 1536K [0x00000000eab00000, 0x00000000eb300000, 0x0000000100000000)
  eden space 1536K, 0% used [0x00000000eab00000,0x00000000eab00000,0x00000000eac80000)
  from space 1536K, 100% used [0x00000000eac80000,0x00000000eae00000,0x00000000eae00000)
  to   space 3072K, 0% used [0x00000000eb000000,0x00000000eb000000,0x00000000eb300000)
 ParOldGen       total 161792K, used 155912K [0x00000000c0000000, 0x00000000c9e00000, 0x00000000eab00000)
  object space 161792K, 96% used [0x00000000c0000000,0x00000000c9842260,0x00000000c9e00000)
 Metaspace       used 85514K, committed 86848K, reserved 1130496K
  class space    used 8530K, committed 9216K, reserved 1048576K
}
Event: 1136.269 GC heap before
{Heap before GC invocations=1895 (full 45):
 PSYoungGen      total 3072K, used 3072K [0x00000000eab00000, 0x00000000eb300000, 0x0000000100000000)
  eden space 1536K, 100% used [0x00000000eab00000,0x00000000eac80000,0x00000000eac80000)
  from space 1536K, 100% used [0x00000000eac80000,0x00000000eae00000,0x00000000eae00000)
  to   space 3072K, 0% used [0x00000000eb000000,0x00000000eb000000,0x00000000eb300000)
 ParOldGen       total 161792K, used 155912K [0x00000000c0000000, 0x00000000c9e00000, 0x00000000eab00000)
  object space 161792K, 96% used [0x00000000c0000000,0x00000000c9842260,0x00000000c9e00000)
 Metaspace       used 85514K, committed 86848K, reserved 1130496K
  class space    used 8530K, committed 9216K, reserved 1048576K
}
Event: 1136.272 GC heap after
{Heap after GC invocations=1895 (full 45):
 PSYoungGen      total 4096K, used 1600K [0x00000000eab00000, 0x00000000eb200000, 0x0000000100000000)
  eden space 2048K, 0% used [0x00000000eab00000,0x00000000eab00000,0x00000000ead00000)
  from space 2048K, 78% used [0x00000000eb000000,0x00000000eb190000,0x00000000eb200000)
  to   space 2048K, 0% used [0x00000000eae00000,0x00000000eae00000,0x00000000eb000000)
 ParOldGen       total 161792K, used 157416K [0x00000000c0000000, 0x00000000c9e00000, 0x00000000eab00000)
  object space 161792K, 97% used [0x00000000c0000000,0x00000000c99ba260,0x00000000c9e00000)
 Metaspace       used 85514K, committed 86848K, reserved 1130496K
  class space    used 8530K, committed 9216K, reserved 1048576K
}
Event: 1136.292 GC heap before
{Heap before GC invocations=1896 (full 45):
 PSYoungGen      total 4096K, used 3648K [0x00000000eab00000, 0x00000000eb200000, 0x0000000100000000)
  eden space 2048K, 100% used [0x00000000eab00000,0x00000000ead00000,0x00000000ead00000)
  from space 2048K, 78% used [0x00000000eb000000,0x00000000eb190000,0x00000000eb200000)
  to   space 2048K, 0% used [0x00000000eae00000,0x00000000eae00000,0x00000000eb000000)
 ParOldGen       total 161792K, used 157416K [0x00000000c0000000, 0x00000000c9e00000, 0x00000000eab00000)
  object space 161792K, 97% used [0x00000000c0000000,0x00000000c99ba260,0x00000000c9e00000)
 Metaspace       used 85514K, committed 86848K, reserved 1130496K
  class space    used 8530K, committed 9216K, reserved 1048576K
}
Event: 1136.295 GC heap after
{Heap after GC invocations=1896 (full 45):
 PSYoungGen      total 3584K, used 820K [0x00000000eab00000, 0x00000000eb080000, 0x0000000100000000)
  eden space 2560K, 0% used [0x00000000eab00000,0x00000000eab00000,0x00000000ead80000)
  from space 1024K, 80% used [0x00000000eae00000,0x00000000eaecd200,0x00000000eaf00000)
  to   space 1536K, 0% used [0x00000000eaf00000,0x00000000eaf00000,0x00000000eb080000)
 ParOldGen       total 161792K, used 158944K [0x00000000c0000000, 0x00000000c9e00000, 0x00000000eab00000)
  object space 161792K, 98% used [0x00000000c0000000,0x00000000c9b38260,0x00000000c9e00000)
 Metaspace       used 85514K, committed 86848K, reserved 1130496K
  class space    used 8530K, committed 9216K, reserved 1048576K
}
Event: 1136.315 GC heap before
{Heap before GC invocations=1897 (full 45):
 PSYoungGen      total 3584K, used 3380K [0x00000000eab00000, 0x00000000eb080000, 0x0000000100000000)
  eden space 2560K, 100% used [0x00000000eab00000,0x00000000ead80000,0x00000000ead80000)
  from space 1024K, 80% used [0x00000000eae00000,0x00000000eaecd200,0x00000000eaf00000)
  to   space 1536K, 0% used [0x00000000eaf00000,0x00000000eaf00000,0x00000000eb080000)
 ParOldGen       total 161792K, used 158944K [0x00000000c0000000, 0x00000000c9e00000, 0x00000000eab00000)
  object space 161792K, 98% used [0x00000000c0000000,0x00000000c9b38260,0x00000000c9e00000)
 Metaspace       used 85524K, committed 86848K, reserved 1130496K
  class space    used 8530K, committed 9216K, reserved 1048576K
}
Event: 1136.318 GC heap after
{Heap after GC invocations=1897 (full 45):
 PSYoungGen      total 4096K, used 884K [0x00000000eab00000, 0x00000000eb000000, 0x0000000100000000)
  eden space 3072K, 0% used [0x00000000eab00000,0x00000000eab00000,0x00000000eae00000)
  from space 1024K, 86% used [0x00000000eaf00000,0x00000000eafdd200,0x00000000eb000000)
  to   space 1024K, 0% used [0x00000000eae00000,0x00000000eae00000,0x00000000eaf00000)
 ParOldGen       total 161792K, used 159661K [0x00000000c0000000, 0x00000000c9e00000, 0x00000000eab00000)
  object space 161792K, 98% used [0x00000000c0000000,0x00000000c9beb460,0x00000000c9e00000)
 Metaspace       used 85524K, committed 86848K, reserved 1130496K
  class space    used 8530K, committed 9216K, reserved 1048576K
}
Event: 1136.400 GC heap before
{Heap before GC invocations=1898 (full 45):
 PSYoungGen      total 4096K, used 3956K [0x00000000eab00000, 0x00000000eb000000, 0x0000000100000000)
  eden space 3072K, 99% used [0x00000000eab00000,0x00000000eadfffe0,0x00000000eae00000)
  from space 1024K, 86% used [0x00000000eaf00000,0x00000000eafdd200,0x00000000eb000000)
  to   space 1024K, 0% used [0x00000000eae00000,0x00000000eae00000,0x00000000eaf00000)
 ParOldGen       total 161792K, used 159661K [0x00000000c0000000, 0x00000000c9e00000, 0x00000000eab00000)
  object space 161792K, 98% used [0x00000000c0000000,0x00000000c9beb460,0x00000000c9e00000)
 Metaspace       used 85528K, committed 86848K, reserved 1130496K
  class space    used 8530K, committed 9216K, reserved 1048576K
}
Event: 1136.402 GC heap after
{Heap after GC invocations=1898 (full 45):
 PSYoungGen      total 4096K, used 378K [0x00000000eab00000, 0x00000000eb100000, 0x0000000100000000)
  eden space 3072K, 0% used [0x00000000eab00000,0x00000000eab00000,0x00000000eae00000)
  from space 1024K, 36% used [0x00000000eae00000,0x00000000eae5e900,0x00000000eaf00000)
  to   space 1024K, 0% used [0x00000000eb000000,0x00000000eb000000,0x00000000eb100000)
 ParOldGen       total 161792K, used 160471K [0x00000000c0000000, 0x00000000c9e00000, 0x00000000eab00000)
  object space 161792K, 99% used [0x00000000c0000000,0x00000000c9cb5fc0,0x00000000c9e00000)
 Metaspace       used 85528K, committed 86848K, reserved 1130496K
  class space    used 8530K, committed 9216K, reserved 1048576K
}
Event: 1136.449 GC heap before
{Heap before GC invocations=1899 (full 45):
 PSYoungGen      total 4096K, used 3450K [0x00000000eab00000, 0x00000000eb100000, 0x0000000100000000)
  eden space 3072K, 100% used [0x00000000eab00000,0x00000000eae00000,0x00000000eae00000)
  from space 1024K, 36% used [0x00000000eae00000,0x00000000eae5e900,0x00000000eaf00000)
  to   space 1024K, 0% used [0x00000000eb000000,0x00000000eb000000,0x00000000eb100000)
 ParOldGen       total 161792K, used 160471K [0x00000000c0000000, 0x00000000c9e00000, 0x00000000eab00000)
  object space 161792K, 99% used [0x00000000c0000000,0x00000000c9cb5fc0,0x00000000c9e00000)
 Metaspace       used 85528K, committed 86848K, reserved 1130496K
  class space    used 8530K, committed 9216K, reserved 1048576K
}
Event: 1136.451 GC heap after
{Heap after GC invocations=1899 (full 45):
 PSYoungGen      total 4096K, used 692K [0x00000000eab00000, 0x00000000eb100000, 0x0000000100000000)
  eden space 3072K, 0% used [0x00000000eab00000,0x00000000eab00000,0x00000000eae00000)
  from space 1024K, 67% used [0x00000000eb000000,0x00000000eb0ad200,0x00000000eb100000)
  to   space 1024K, 0% used [0x00000000eae00000,0x00000000eae00000,0x00000000eaf00000)
 ParOldGen       total 161792K, used 160732K [0x00000000c0000000, 0x00000000c9e00000, 0x00000000eab00000)
  object space 161792K, 99% used [0x00000000c0000000,0x00000000c9cf71e0,0x00000000c9e00000)
 Metaspace       used 85528K, committed 86848K, reserved 1130496K
  class space    used 8530K, committed 9216K, reserved 1048576K
}
Event: 1136.516 GC heap before
{Heap before GC invocations=1900 (full 45):
 PSYoungGen      total 4096K, used 3762K [0x00000000eab00000, 0x00000000eb100000, 0x0000000100000000)
  eden space 3072K, 99% used [0x00000000eab00000,0x00000000eadff618,0x00000000eae00000)
  from space 1024K, 67% used [0x00000000eb000000,0x00000000eb0ad200,0x00000000eb100000)
  to   space 1024K, 0% used [0x00000000eae00000,0x00000000eae00000,0x00000000eaf00000)
 ParOldGen       total 161792K, used 160732K [0x00000000c0000000, 0x00000000c9e00000, 0x00000000eab00000)
  object space 161792K, 99% used [0x00000000c0000000,0x00000000c9cf71e0,0x00000000c9e00000)
 Metaspace       used 85541K, committed 86912K, reserved 1130496K
  class space    used 8530K, committed 9216K, reserved 1048576K
}
Event: 1136.518 GC heap after
{Heap after GC invocations=1900 (full 45):
 PSYoungGen      total 4096K, used 772K [0x00000000eab00000, 0x00000000eb080000, 0x0000000100000000)
  eden space 3072K, 0% used [0x00000000eab00000,0x00000000eab00000,0x00000000eae00000)
  from space 1024K, 75% used [0x00000000eae00000,0x00000000eaec1210,0x00000000eaf00000)
  to   space 1024K, 0% used [0x00000000eaf80000,0x00000000eaf80000,0x00000000eb080000)
 ParOldGen       total 161792K, used 161329K [0x00000000c0000000, 0x00000000c9e00000, 0x00000000eab00000)
  object space 161792K, 99% used [0x00000000c0000000,0x00000000c9d8c400,0x00000000c9e00000)
 Metaspace       used 85541K, committed 86912K, reserved 1130496K
  class space    used 8530K, committed 9216K, reserved 1048576K
}
Event: 1136.518 GC heap before
{Heap before GC invocations=1901 (full 46):
 PSYoungGen      total 4096K, used 772K [0x00000000eab00000, 0x00000000eb080000, 0x0000000100000000)
  eden space 3072K, 0% used [0x00000000eab00000,0x00000000eab00000,0x00000000eae00000)
  from space 1024K, 75% used [0x00000000eae00000,0x00000000eaec1210,0x00000000eaf00000)
  to   space 1024K, 0% used [0x00000000eaf80000,0x00000000eaf80000,0x00000000eb080000)
 ParOldGen       total 161792K, used 161329K [0x00000000c0000000, 0x00000000c9e00000, 0x00000000eab00000)
  object space 161792K, 99% used [0x00000000c0000000,0x00000000c9d8c400,0x00000000c9e00000)
 Metaspace       used 85541K, committed 86912K, reserved 1130496K
  class space    used 8530K, committed 9216K, reserved 1048576K
}

