# JRE version: OpenJDK Runtime Environment Temurin-17.0.5+8 (17.0.5+8) (build 17.0.5+8)
# Java VM: OpenJDK 64-Bit Server VM Temurin-17.0.5+8 (17.0.5+8, mixed mode, tiered, compressed oops, compressed class ptrs, parallel gc, windows-amd64)
GC Precious Log:
 CPUs: 4 total, 4 available
 Memory: 7992M
 Large Page Support: Disabled
 NUMA Support: Disabled
 Compressed Oops: Enabled (32-bit)
 Alignments: Space 512K, Generation 512K, Heap 2M
 Heap Min Capacity: 100M
 Heap Initial Capacity: 100M
 Heap Max Capacity: 1G
 Pre-touch: Disabled
 Parallel Workers: 4
Heap:
 PSYoungGen      total 17408K, used 4704K [0x00000000eab00000, 0x00000000ebd80000, 0x0000000100000000)
  eden space 14336K, 29% used [0x00000000eab00000,0x00000000eaf180f8,0x00000000eb900000)
  from space 3072K, 16% used [0x00000000eb900000,0x00000000eb980000,0x00000000ebc00000)
  to   space 1536K, 0% used [0x00000000ebc00000,0x00000000ebc00000,0x00000000ebd80000)
 ParOldGen       total 63488K, used 36526K [0x00000000c0000000, 0x00000000c3e00000, 0x00000000eab00000)
  object space 63488K, 57% used [0x00000000c0000000,0x00000000c23ab960,0x00000000c3e00000)
 Metaspace       used 63137K, committed 64320K, reserved 1114112K
  class space    used 6527K, committed 7104K, reserved 1048576K
GC Heap History (20 events):
Event: 14.793 GC heap before
{Heap before GC invocations=51 (full 3):
 PSYoungGen      total 18432K, used 17827K [0x00000000eab00000, 0x00000000ec400000, 0x0000000100000000)
  eden space 17408K, 96% used [0x00000000eab00000,0x00000000ebb6a930,0x00000000ebc00000)
  from space 1024K, 99% used [0x00000000ebf80000,0x00000000ec07e350,0x00000000ec080000)
  to   space 3584K, 0% used [0x00000000ec080000,0x00000000ec080000,0x00000000ec400000)
 ParOldGen       total 68608K, used 49269K [0x00000000c0000000, 0x00000000c4300000, 0x00000000eab00000)
  object space 68608K, 71% used [0x00000000c0000000,0x00000000c301d688,0x00000000c4300000)
 Metaspace       used 60140K, committed 61312K, reserved 1105920K
  class space    used 6292K, committed 6848K, reserved 1048576K
}
Event: 14.797 GC heap after
{Heap after GC invocations=51 (full 3):
 PSYoungGen      total 20480K, used 3064K [0x00000000eab00000, 0x00000000ec380000, 0x0000000100000000)
  eden space 17408K, 0% used [0x00000000eab00000,0x00000000eab00000,0x00000000ebc00000)
  from space 3072K, 99% used [0x00000000ec080000,0x00000000ec37e110,0x00000000ec380000)
  to   space 3584K, 0% used [0x00000000ebc80000,0x00000000ebc80000,0x00000000ec000000)
 ParOldGen       total 68608K, used 51466K [0x00000000c0000000, 0x00000000c4300000, 0x00000000eab00000)
  object space 68608K, 75% used [0x00000000c0000000,0x00000000c3242a58,0x00000000c4300000)
 Metaspace       used 60140K, committed 61312K, reserved 1105920K
  class space    used 6292K, committed 6848K, reserved 1048576K
}
Event: 14.864 GC heap before
{Heap before GC invocations=52 (full 3):
 PSYoungGen      total 20480K, used 20472K [0x00000000eab00000, 0x00000000ec380000, 0x0000000100000000)
  eden space 17408K, 100% used [0x00000000eab00000,0x00000000ebc00000,0x00000000ebc00000)
  from space 3072K, 99% used [0x00000000ec080000,0x00000000ec37e110,0x00000000ec380000)
  to   space 3584K, 0% used [0x00000000ebc80000,0x00000000ebc80000,0x00000000ec000000)
 ParOldGen       total 68608K, used 51466K [0x00000000c0000000, 0x00000000c4300000, 0x00000000eab00000)
  object space 68608K, 75% used [0x00000000c0000000,0x00000000c3242a58,0x00000000c4300000)
 Metaspace       used 60158K, committed 61376K, reserved 1105920K
  class space    used 6292K, committed 6848K, reserved 1048576K
}
Event: 14.868 GC heap after
{Heap after GC invocations=52 (full 3):
 PSYoungGen      total 19968K, used 2378K [0x00000000eab00000, 0x00000000ec200000, 0x0000000100000000)
  eden space 17408K, 0% used [0x00000000eab00000,0x00000000eab00000,0x00000000ebc00000)
  from space 2560K, 92% used [0x00000000ebc80000,0x00000000ebed2a70,0x00000000ebf00000)
  to   space 3072K, 0% used [0x00000000ebf00000,0x00000000ebf00000,0x00000000ec200000)
 ParOldGen       total 68608K, used 55428K [0x00000000c0000000, 0x00000000c4300000, 0x00000000eab00000)
  object space 68608K, 80% used [0x00000000c0000000,0x00000000c36211f8,0x00000000c4300000)
 Metaspace       used 60158K, committed 61376K, reserved 1105920K
  class space    used 6292K, committed 6848K, reserved 1048576K
}
Event: 14.937 GC heap before
{Heap before GC invocations=53 (full 3):
 PSYoungGen      total 19968K, used 19754K [0x00000000eab00000, 0x00000000ec200000, 0x0000000100000000)
  eden space 17408K, 99% used [0x00000000eab00000,0x00000000ebbf8180,0x00000000ebc00000)
  from space 2560K, 92% used [0x00000000ebc80000,0x00000000ebed2a70,0x00000000ebf00000)
  to   space 3072K, 0% used [0x00000000ebf00000,0x00000000ebf00000,0x00000000ec200000)
 ParOldGen       total 68608K, used 55428K [0x00000000c0000000, 0x00000000c4300000, 0x00000000eab00000)
  object space 68608K, 80% used [0x00000000c0000000,0x00000000c36211f8,0x00000000c4300000)
 Metaspace       used 60206K, committed 61376K, reserved 1105920K
  class space    used 6292K, committed 6848K, reserved 1048576K
}
Event: 14.942 GC heap after
{Heap after GC invocations=53 (full 3):
 PSYoungGen      total 17408K, used 3049K [0x00000000eab00000, 0x00000000ec800000, 0x0000000100000000)
  eden space 14336K, 0% used [0x00000000eab00000,0x00000000eab00000,0x00000000eb900000)
  from space 3072K, 99% used [0x00000000ebf00000,0x00000000ec1fa498,0x00000000ec200000)
  to   space 6144K, 0% used [0x00000000eb900000,0x00000000eb900000,0x00000000ebf00000)
 ParOldGen       total 68608K, used 57895K [0x00000000c0000000, 0x00000000c4300000, 0x00000000eab00000)
  object space 68608K, 84% used [0x00000000c0000000,0x00000000c3889de8,0x00000000c4300000)
 Metaspace       used 60206K, committed 61376K, reserved 1105920K
  class space    used 6292K, committed 6848K, reserved 1048576K
}
Event: 14.979 GC heap before
{Heap before GC invocations=54 (full 3):
 PSYoungGen      total 17408K, used 17385K [0x00000000eab00000, 0x00000000ec800000, 0x0000000100000000)
  eden space 14336K, 100% used [0x00000000eab00000,0x00000000eb900000,0x00000000eb900000)
  from space 3072K, 99% used [0x00000000ebf00000,0x00000000ec1fa498,0x00000000ec200000)
  to   space 6144K, 0% used [0x00000000eb900000,0x00000000eb900000,0x00000000ebf00000)
 ParOldGen       total 68608K, used 57895K [0x00000000c0000000, 0x00000000c4300000, 0x00000000eab00000)
  object space 68608K, 84% used [0x00000000c0000000,0x00000000c3889de8,0x00000000c4300000)
 Metaspace       used 60232K, committed 61376K, reserved 1105920K
  class space    used 6292K, committed 6848K, reserved 1048576K
}
Event: 14.985 GC heap after
{Heap after GC invocations=54 (full 3):
 PSYoungGen      total 16896K, used 2449K [0x00000000eab00000, 0x00000000ec000000, 0x0000000100000000)
  eden space 14336K, 0% used [0x00000000eab00000,0x00000000eab00000,0x00000000eb900000)
  from space 2560K, 95% used [0x00000000eb900000,0x00000000ebb64530,0x00000000ebb80000)
  to   space 3584K, 0% used [0x00000000ebc80000,0x00000000ebc80000,0x00000000ec000000)
 ParOldGen       total 68608K, used 62301K [0x00000000c0000000, 0x00000000c4300000, 0x00000000eab00000)
  object space 68608K, 90% used [0x00000000c0000000,0x00000000c3cd7418,0x00000000c4300000)
 Metaspace       used 60232K, committed 61376K, reserved 1105920K
  class space    used 6292K, committed 6848K, reserved 1048576K
}
Event: 15.181 GC heap before
{Heap before GC invocations=55 (full 3):
 PSYoungGen      total 16896K, used 16784K [0x00000000eab00000, 0x00000000ec000000, 0x0000000100000000)
  eden space 14336K, 99% used [0x00000000eab00000,0x00000000eb8ffec0,0x00000000eb900000)
  from space 2560K, 95% used [0x00000000eb900000,0x00000000ebb64530,0x00000000ebb80000)
  to   space 3584K, 0% used [0x00000000ebc80000,0x00000000ebc80000,0x00000000ec000000)
 ParOldGen       total 68608K, used 62301K [0x00000000c0000000, 0x00000000c4300000, 0x00000000eab00000)
  object space 68608K, 90% used [0x00000000c0000000,0x00000000c3cd7418,0x00000000c4300000)
 Metaspace       used 61598K, committed 62784K, reserved 1105920K
  class space    used 6416K, committed 6976K, reserved 1048576K
}
Event: 15.183 GC heap after
{Heap after GC invocations=55 (full 3):
 PSYoungGen      total 14848K, used 416K [0x00000000eab00000, 0x00000000ebd00000, 0x0000000100000000)
  eden space 14336K, 0% used [0x00000000eab00000,0x00000000eab00000,0x00000000eb900000)
  from space 512K, 81% used [0x00000000ebc80000,0x00000000ebce8010,0x00000000ebd00000)
  to   space 1536K, 0% used [0x00000000eba00000,0x00000000eba00000,0x00000000ebb80000)
 ParOldGen       total 68608K, used 62389K [0x00000000c0000000, 0x00000000c4300000, 0x00000000eab00000)
  object space 68608K, 90% used [0x00000000c0000000,0x00000000c3ced418,0x00000000c4300000)
 Metaspace       used 61598K, committed 62784K, reserved 1105920K
  class space    used 6416K, committed 6976K, reserved 1048576K
}
Event: 15.314 GC heap before
{Heap before GC invocations=56 (full 3):
 PSYoungGen      total 14848K, used 14752K [0x00000000eab00000, 0x00000000ebd00000, 0x0000000100000000)
  eden space 14336K, 100% used [0x00000000eab00000,0x00000000eb900000,0x00000000eb900000)
  from space 512K, 81% used [0x00000000ebc80000,0x00000000ebce8010,0x00000000ebd00000)
  to   space 1536K, 0% used [0x00000000eba00000,0x00000000eba00000,0x00000000ebb80000)
 ParOldGen       total 68608K, used 62389K [0x00000000c0000000, 0x00000000c4300000, 0x00000000eab00000)
  object space 68608K, 90% used [0x00000000c0000000,0x00000000c3ced418,0x00000000c4300000)
 Metaspace       used 62160K, committed 63296K, reserved 1105920K
  class space    used 6469K, committed 7040K, reserved 1048576K
}
Event: 15.321 GC heap after
{Heap after GC invocations=56 (full 3):
 PSYoungGen      total 15872K, used 1525K [0x00000000eab00000, 0x00000000ec700000, 0x0000000100000000)
  eden space 14336K, 0% used [0x00000000eab00000,0x00000000eab00000,0x00000000eb900000)
  from space 1536K, 99% used [0x00000000eba00000,0x00000000ebb7d5b0,0x00000000ebb80000)
  to   space 7168K, 0% used [0x00000000ec000000,0x00000000ec000000,0x00000000ec700000)
 ParOldGen       total 68608K, used 66702K [0x00000000c0000000, 0x00000000c4300000, 0x00000000eab00000)
  object space 68608K, 97% used [0x00000000c0000000,0x00000000c4123bb8,0x00000000c4300000)
 Metaspace       used 62160K, committed 63296K, reserved 1105920K
  class space    used 6469K, committed 7040K, reserved 1048576K
}
Event: 15.321 GC heap before
{Heap before GC invocations=57 (full 4):
 PSYoungGen      total 15872K, used 1525K [0x00000000eab00000, 0x00000000ec700000, 0x0000000100000000)
  eden space 14336K, 0% used [0x00000000eab00000,0x00000000eab00000,0x00000000eb900000)
  from space 1536K, 99% used [0x00000000eba00000,0x00000000ebb7d5b0,0x00000000ebb80000)
  to   space 7168K, 0% used [0x00000000ec000000,0x00000000ec000000,0x00000000ec700000)
 ParOldGen       total 68608K, used 66702K [0x00000000c0000000, 0x00000000c4300000, 0x00000000eab00000)
  object space 68608K, 97% used [0x00000000c0000000,0x00000000c4123bb8,0x00000000c4300000)
 Metaspace       used 62160K, committed 63296K, reserved 1105920K
  class space    used 6469K, committed 7040K, reserved 1048576K
}
Event: 15.393 GC heap after
{Heap after GC invocations=57 (full 4):
 PSYoungGen      total 21504K, used 0K [0x00000000eab00000, 0x00000000ec700000, 0x0000000100000000)
  eden space 14336K, 0% used [0x00000000eab00000,0x00000000eab00000,0x00000000eb900000)
  from space 7168K, 0% used [0x00000000ec000000,0x00000000ec000000,0x00000000ec700000)
  to   space 7168K, 0% used [0x00000000eb900000,0x00000000eb900000,0x00000000ec000000)
 ParOldGen       total 63488K, used 33293K [0x00000000c0000000, 0x00000000c3e00000, 0x00000000eab00000)
  object space 63488K, 52% used [0x00000000c0000000,0x00000000c2083428,0x00000000c3e00000)
 Metaspace       used 62160K, committed 63296K, reserved 1105920K
  class space    used 6469K, committed 7040K, reserved 1048576K
}
Event: 15.495 GC heap before
{Heap before GC invocations=58 (full 4):
 PSYoungGen      total 21504K, used 14336K [0x00000000eab00000, 0x00000000ec700000, 0x0000000100000000)
  eden space 14336K, 100% used [0x00000000eab00000,0x00000000eb900000,0x00000000eb900000)
  from space 7168K, 0% used [0x00000000ec000000,0x00000000ec000000,0x00000000ec700000)
  to   space 7168K, 0% used [0x00000000eb900000,0x00000000eb900000,0x00000000ec000000)
 ParOldGen       total 63488K, used 33293K [0x00000000c0000000, 0x00000000c3e00000, 0x00000000eab00000)
  object space 63488K, 52% used [0x00000000c0000000,0x00000000c2083428,0x00000000c3e00000)
 Metaspace       used 62185K, committed 63360K, reserved 1105920K
  class space    used 6470K, committed 7040K, reserved 1048576K
}
Event: 15.497 GC heap after
{Heap after GC invocations=58 (full 4):
 PSYoungGen      total 17408K, used 2974K [0x00000000eab00000, 0x00000000ec100000, 0x0000000100000000)
  eden space 14336K, 0% used [0x00000000eab00000,0x00000000eab00000,0x00000000eb900000)
  from space 3072K, 96% used [0x00000000eb900000,0x00000000ebbe7a30,0x00000000ebc00000)
  to   space 4096K, 0% used [0x00000000ebd00000,0x00000000ebd00000,0x00000000ec100000)
 ParOldGen       total 63488K, used 33293K [0x00000000c0000000, 0x00000000c3e00000, 0x00000000eab00000)
  object space 63488K, 52% used [0x00000000c0000000,0x00000000c2083428,0x00000000c3e00000)
 Metaspace       used 62185K, committed 63360K, reserved 1105920K
  class space    used 6470K, committed 7040K, reserved 1048576K
}
Event: 15.701 GC heap before
{Heap before GC invocations=59 (full 4):
 PSYoungGen      total 17408K, used 17293K [0x00000000eab00000, 0x00000000ec100000, 0x0000000100000000)
  eden space 14336K, 99% used [0x00000000eab00000,0x00000000eb8fbc60,0x00000000eb900000)
  from space 3072K, 96% used [0x00000000eb900000,0x00000000ebbe7a30,0x00000000ebc00000)
  to   space 4096K, 0% used [0x00000000ebd00000,0x00000000ebd00000,0x00000000ec100000)
 ParOldGen       total 63488K, used 33293K [0x00000000c0000000, 0x00000000c3e00000, 0x00000000eab00000)
  object space 63488K, 52% used [0x00000000c0000000,0x00000000c2083428,0x00000000c3e00000)
 Metaspace       used 62215K, committed 63424K, reserved 1105920K
  class space    used 6472K, committed 7040K, reserved 1048576K
}
Event: 15.705 GC heap after
{Heap after GC invocations=59 (full 4):
 PSYoungGen      total 17408K, used 2644K [0x00000000eab00000, 0x00000000ec000000, 0x0000000100000000)
  eden space 14336K, 0% used [0x00000000eab00000,0x00000000eab00000,0x00000000eb900000)
  from space 3072K, 86% used [0x00000000ebd00000,0x00000000ebf95248,0x00000000ec000000)
  to   space 3072K, 0% used [0x00000000eb900000,0x00000000eb900000,0x00000000ebc00000)
 ParOldGen       total 63488K, used 36069K [0x00000000c0000000, 0x00000000c3e00000, 0x00000000eab00000)
  object space 63488K, 56% used [0x00000000c0000000,0x00000000c2339540,0x00000000c3e00000)
 Metaspace       used 62215K, committed 63424K, reserved 1105920K
  class space    used 6472K, committed 7040K, reserved 1048576K
}
Event: 16.713 GC heap before
{Heap before GC invocations=60 (full 4):
 PSYoungGen      total 17408K, used 16978K [0x00000000eab00000, 0x00000000ec000000, 0x0000000100000000)
  eden space 14336K, 99% used [0x00000000eab00000,0x00000000eb8ff9a0,0x00000000eb900000)
  from space 3072K, 86% used [0x00000000ebd00000,0x00000000ebf95248,0x00000000ec000000)
  to   space 3072K, 0% used [0x00000000eb900000,0x00000000eb900000,0x00000000ebc00000)
 ParOldGen       total 63488K, used 36069K [0x00000000c0000000, 0x00000000c3e00000, 0x00000000eab00000)
  object space 63488K, 56% used [0x00000000c0000000,0x00000000c2339540,0x00000000c3e00000)
 Metaspace       used 62794K, committed 63936K, reserved 1114112K
  class space    used 6484K, committed 7040K, reserved 1048576K
}
Event: 16.715 GC heap after
{Heap after GC invocations=60 (full 4):
 PSYoungGen      total 17408K, used 512K [0x00000000eab00000, 0x00000000ebd80000, 0x0000000100000000)
  eden space 14336K, 0% used [0x00000000eab00000,0x00000000eab00000,0x00000000eb900000)
  from space 3072K, 16% used [0x00000000eb900000,0x00000000eb980000,0x00000000ebc00000)
  to   space 1536K, 0% used [0x00000000ebc00000,0x00000000ebc00000,0x00000000ebd80000)
 ParOldGen       total 63488K, used 36526K [0x00000000c0000000, 0x00000000c3e00000, 0x00000000eab00000)
  object space 63488K, 57% used [0x00000000c0000000,0x00000000c23ab960,0x00000000c3e00000)
 Metaspace       used 62794K, committed 63936K, reserved 1114112K
  class space    used 6484K, committed 7040K, reserved 1048576K
}

