# JRE version: OpenJDK Runtime Environment Temurin-17.0.5+8 (17.0.5+8) (build 17.0.5+8)
# Java VM: OpenJDK 64-Bit Server VM Temurin-17.0.5+8 (17.0.5+8, mixed mode, tiered, compressed oops, compressed class ptrs, parallel gc, windows-amd64)
GC Precious Log:
 CPUs: 4 total, 4 available
 Memory: 7992M
 Large Page Support: Disabled
 NUMA Support: Disabled
 Compressed Oops: Enabled (32-bit)
 Alignments: Space 512K, Generation 512K, Heap 2M
 Heap Min Capacity: 100M
 Heap Initial Capacity: 100M
 Heap Max Capacity: 1G
 Pre-touch: Disabled
 Parallel Workers: 4
Heap:
 PSYoungGen      total 20992K, used 1117K [0x00000000eab00000, 0x00000000ec280000, 0x0000000100000000)
  eden space 19456K, 0% used [0x00000000eab00000,0x00000000eab00000,0x00000000ebe00000)
  from space 1536K, 72% used [0x00000000ebe00000,0x00000000ebf174b0,0x00000000ebf80000)
  to   space 2048K, 0% used [0x00000000ec080000,0x00000000ec080000,0x00000000ec280000)
 ParOldGen       total 68608K, used 40713K [0x00000000c0000000, 0x00000000c4300000, 0x00000000eab00000)
  object space 68608K, 59% used [0x00000000c0000000,0x00000000c27c2668,0x00000000c4300000)
 Metaspace       used 58711K, committed 59776K, reserved 1105920K
  class space    used 6199K, committed 6656K, reserved 1048576K
GC Heap History (20 events):
Event: 9.531 GC heap after
{Heap after GC invocations=20 (full 2):
 PSYoungGen      total 23040K, used 898K [0x00000000eab00000, 0x00000000ec380000, 0x0000000100000000)
  eden space 22016K, 0% used [0x00000000eab00000,0x00000000eab00000,0x00000000ec080000)
  from space 1024K, 87% used [0x00000000ec280000,0x00000000ec360960,0x00000000ec380000)
  to   space 1024K, 0% used [0x00000000ec180000,0x00000000ec180000,0x00000000ec280000)
 ParOldGen       total 68608K, used 25321K [0x00000000c0000000, 0x00000000c4300000, 0x00000000eab00000)
  object space 68608K, 36% used [0x00000000c0000000,0x00000000c18ba6b8,0x00000000c4300000)
 Metaspace       used 52028K, committed 53056K, reserved 1097728K
  class space    used 5610K, committed 6080K, reserved 1048576K
}
Event: 9.768 GC heap before
{Heap before GC invocations=21 (full 2):
 PSYoungGen      total 23040K, used 22914K [0x00000000eab00000, 0x00000000ec380000, 0x0000000100000000)
  eden space 22016K, 100% used [0x00000000eab00000,0x00000000ec080000,0x00000000ec080000)
  from space 1024K, 87% used [0x00000000ec280000,0x00000000ec360960,0x00000000ec380000)
  to   space 1024K, 0% used [0x00000000ec180000,0x00000000ec180000,0x00000000ec280000)
 ParOldGen       total 68608K, used 25321K [0x00000000c0000000, 0x00000000c4300000, 0x00000000eab00000)
  object space 68608K, 36% used [0x00000000c0000000,0x00000000c18ba6b8,0x00000000c4300000)
 Metaspace       used 53223K, committed 54272K, reserved 1097728K
  class space    used 5692K, committed 6144K, reserved 1048576K
}
Event: 9.773 GC heap after
{Heap after GC invocations=21 (full 2):
 PSYoungGen      total 23040K, used 1018K [0x00000000eab00000, 0x00000000ecd80000, 0x0000000100000000)
  eden space 22016K, 0% used [0x00000000eab00000,0x00000000eab00000,0x00000000ec080000)
  from space 1024K, 99% used [0x00000000ec180000,0x00000000ec27ea28,0x00000000ec280000)
  to   space 6656K, 0% used [0x00000000ec700000,0x00000000ec700000,0x00000000ecd80000)
 ParOldGen       total 68608K, used 30078K [0x00000000c0000000, 0x00000000c4300000, 0x00000000eab00000)
  object space 68608K, 43% used [0x00000000c0000000,0x00000000c1d5fab8,0x00000000c4300000)
 Metaspace       used 53223K, committed 54272K, reserved 1097728K
  class space    used 5692K, committed 6144K, reserved 1048576K
}
Event: 10.332 GC heap before
{Heap before GC invocations=22 (full 2):
 PSYoungGen      total 23040K, used 23034K [0x00000000eab00000, 0x00000000ecd80000, 0x0000000100000000)
  eden space 22016K, 100% used [0x00000000eab00000,0x00000000ec080000,0x00000000ec080000)
  from space 1024K, 99% used [0x00000000ec180000,0x00000000ec27ea28,0x00000000ec280000)
  to   space 6656K, 0% used [0x00000000ec700000,0x00000000ec700000,0x00000000ecd80000)
 ParOldGen       total 68608K, used 30078K [0x00000000c0000000, 0x00000000c4300000, 0x00000000eab00000)
  object space 68608K, 43% used [0x00000000c0000000,0x00000000c1d5fab8,0x00000000c4300000)
 Metaspace       used 54453K, committed 55488K, reserved 1105920K
  class space    used 5797K, committed 6272K, reserved 1048576K
}
Event: 10.337 GC heap after
{Heap after GC invocations=22 (full 2):
 PSYoungGen      total 26112K, used 6649K [0x00000000eab00000, 0x00000000ed280000, 0x0000000100000000)
  eden space 19456K, 0% used [0x00000000eab00000,0x00000000eab00000,0x00000000ebe00000)
  from space 6656K, 99% used [0x00000000ec700000,0x00000000ecd7e728,0x00000000ecd80000)
  to   space 9216K, 0% used [0x00000000ebe00000,0x00000000ebe00000,0x00000000ec700000)
 ParOldGen       total 68608K, used 31665K [0x00000000c0000000, 0x00000000c4300000, 0x00000000eab00000)
  object space 68608K, 46% used [0x00000000c0000000,0x00000000c1eec770,0x00000000c4300000)
 Metaspace       used 54453K, committed 55488K, reserved 1105920K
  class space    used 5797K, committed 6272K, reserved 1048576K
}
Event: 10.862 GC heap before
{Heap before GC invocations=23 (full 2):
 PSYoungGen      total 26112K, used 26105K [0x00000000eab00000, 0x00000000ed280000, 0x0000000100000000)
  eden space 19456K, 100% used [0x00000000eab00000,0x00000000ebe00000,0x00000000ebe00000)
  from space 6656K, 99% used [0x00000000ec700000,0x00000000ecd7e728,0x00000000ecd80000)
  to   space 9216K, 0% used [0x00000000ebe00000,0x00000000ebe00000,0x00000000ec700000)
 ParOldGen       total 68608K, used 31665K [0x00000000c0000000, 0x00000000c4300000, 0x00000000eab00000)
  object space 68608K, 46% used [0x00000000c0000000,0x00000000c1eec770,0x00000000c4300000)
 Metaspace       used 55435K, committed 56448K, reserved 1105920K
  class space    used 5879K, committed 6336K, reserved 1048576K
}
Event: 10.867 GC heap after
{Heap after GC invocations=23 (full 2):
 PSYoungGen      total 21504K, used 1984K [0x00000000eab00000, 0x00000000ec780000, 0x0000000100000000)
  eden space 19456K, 0% used [0x00000000eab00000,0x00000000eab00000,0x00000000ebe00000)
  from space 2048K, 96% used [0x00000000ebe00000,0x00000000ebff0000,0x00000000ec000000)
  to   space 4608K, 0% used [0x00000000ec300000,0x00000000ec300000,0x00000000ec780000)
 ParOldGen       total 68608K, used 32271K [0x00000000c0000000, 0x00000000c4300000, 0x00000000eab00000)
  object space 68608K, 47% used [0x00000000c0000000,0x00000000c1f83ef0,0x00000000c4300000)
 Metaspace       used 55435K, committed 56448K, reserved 1105920K
  class space    used 5879K, committed 6336K, reserved 1048576K
}
Event: 11.146 GC heap before
{Heap before GC invocations=24 (full 2):
 PSYoungGen      total 21504K, used 21440K [0x00000000eab00000, 0x00000000ec780000, 0x0000000100000000)
  eden space 19456K, 100% used [0x00000000eab00000,0x00000000ebe00000,0x00000000ebe00000)
  from space 2048K, 96% used [0x00000000ebe00000,0x00000000ebff0000,0x00000000ec000000)
  to   space 4608K, 0% used [0x00000000ec300000,0x00000000ec300000,0x00000000ec780000)
 ParOldGen       total 68608K, used 32271K [0x00000000c0000000, 0x00000000c4300000, 0x00000000eab00000)
  object space 68608K, 47% used [0x00000000c0000000,0x00000000c1f83ef0,0x00000000c4300000)
 Metaspace       used 55572K, committed 56640K, reserved 1105920K
  class space    used 5879K, committed 6336K, reserved 1048576K
}
Event: 11.150 GC heap after
{Heap after GC invocations=24 (full 2):
 PSYoungGen      total 21504K, used 1728K [0x00000000eab00000, 0x00000000ec500000, 0x0000000100000000)
  eden space 19456K, 0% used [0x00000000eab00000,0x00000000eab00000,0x00000000ebe00000)
  from space 2048K, 84% used [0x00000000ec300000,0x00000000ec4b0000,0x00000000ec500000)
  to   space 2560K, 0% used [0x00000000ec000000,0x00000000ec000000,0x00000000ec280000)
 ParOldGen       total 68608K, used 34179K [0x00000000c0000000, 0x00000000c4300000, 0x00000000eab00000)
  object space 68608K, 49% used [0x00000000c0000000,0x00000000c2160f00,0x00000000c4300000)
 Metaspace       used 55572K, committed 56640K, reserved 1105920K
  class space    used 5879K, committed 6336K, reserved 1048576K
}
Event: 11.477 GC heap before
{Heap before GC invocations=25 (full 2):
 PSYoungGen      total 21504K, used 21184K [0x00000000eab00000, 0x00000000ec500000, 0x0000000100000000)
  eden space 19456K, 100% used [0x00000000eab00000,0x00000000ebe00000,0x00000000ebe00000)
  from space 2048K, 84% used [0x00000000ec300000,0x00000000ec4b0000,0x00000000ec500000)
  to   space 2560K, 0% used [0x00000000ec000000,0x00000000ec000000,0x00000000ec280000)
 ParOldGen       total 68608K, used 34179K [0x00000000c0000000, 0x00000000c4300000, 0x00000000eab00000)
  object space 68608K, 49% used [0x00000000c0000000,0x00000000c2160f00,0x00000000c4300000)
 Metaspace       used 55847K, committed 56832K, reserved 1105920K
  class space    used 5902K, committed 6336K, reserved 1048576K
}
Event: 11.482 GC heap after
{Heap after GC invocations=25 (full 2):
 PSYoungGen      total 21504K, used 1600K [0x00000000eab00000, 0x00000000ec380000, 0x0000000100000000)
  eden space 19456K, 0% used [0x00000000eab00000,0x00000000eab00000,0x00000000ebe00000)
  from space 2048K, 78% used [0x00000000ec000000,0x00000000ec190000,0x00000000ec200000)
  to   space 1536K, 0% used [0x00000000ec200000,0x00000000ec200000,0x00000000ec380000)
 ParOldGen       total 68608K, used 35664K [0x00000000c0000000, 0x00000000c4300000, 0x00000000eab00000)
  object space 68608K, 51% used [0x00000000c0000000,0x00000000c22d4170,0x00000000c4300000)
 Metaspace       used 55847K, committed 56832K, reserved 1105920K
  class space    used 5902K, committed 6336K, reserved 1048576K
}
Event: 11.925 GC heap before
{Heap before GC invocations=26 (full 2):
 PSYoungGen      total 21504K, used 21056K [0x00000000eab00000, 0x00000000ec380000, 0x0000000100000000)
  eden space 19456K, 100% used [0x00000000eab00000,0x00000000ebe00000,0x00000000ebe00000)
  from space 2048K, 78% used [0x00000000ec000000,0x00000000ec190000,0x00000000ec200000)
  to   space 1536K, 0% used [0x00000000ec200000,0x00000000ec200000,0x00000000ec380000)
 ParOldGen       total 68608K, used 35664K [0x00000000c0000000, 0x00000000c4300000, 0x00000000eab00000)
  object space 68608K, 51% used [0x00000000c0000000,0x00000000c22d4170,0x00000000c4300000)
 Metaspace       used 56051K, committed 57088K, reserved 1105920K
  class space    used 5907K, committed 6336K, reserved 1048576K
}
Event: 11.928 GC heap after
{Heap after GC invocations=26 (full 2):
 PSYoungGen      total 20992K, used 1088K [0x00000000eab00000, 0x00000000ec380000, 0x0000000100000000)
  eden space 19456K, 0% used [0x00000000eab00000,0x00000000eab00000,0x00000000ebe00000)
  from space 1536K, 70% used [0x00000000ec200000,0x00000000ec310000,0x00000000ec380000)
  to   space 1536K, 0% used [0x00000000ec080000,0x00000000ec080000,0x00000000ec200000)
 ParOldGen       total 68608K, used 37149K [0x00000000c0000000, 0x00000000c4300000, 0x00000000eab00000)
  object space 68608K, 54% used [0x00000000c0000000,0x00000000c24474d8,0x00000000c4300000)
 Metaspace       used 56051K, committed 57088K, reserved 1105920K
  class space    used 5907K, committed 6336K, reserved 1048576K
}
Event: 12.314 GC heap before
{Heap before GC invocations=27 (full 2):
 PSYoungGen      total 20992K, used 20544K [0x00000000eab00000, 0x00000000ec380000, 0x0000000100000000)
  eden space 19456K, 100% used [0x00000000eab00000,0x00000000ebe00000,0x00000000ebe00000)
  from space 1536K, 70% used [0x00000000ec200000,0x00000000ec310000,0x00000000ec380000)
  to   space 1536K, 0% used [0x00000000ec080000,0x00000000ec080000,0x00000000ec200000)
 ParOldGen       total 68608K, used 37149K [0x00000000c0000000, 0x00000000c4300000, 0x00000000eab00000)
  object space 68608K, 54% used [0x00000000c0000000,0x00000000c24474d8,0x00000000c4300000)
 Metaspace       used 56765K, committed 57792K, reserved 1105920K
  class space    used 5977K, committed 6400K, reserved 1048576K
}
Event: 12.318 GC heap after
{Heap after GC invocations=27 (full 2):
 PSYoungGen      total 20992K, used 1536K [0x00000000eab00000, 0x00000000ec280000, 0x0000000100000000)
  eden space 19456K, 0% used [0x00000000eab00000,0x00000000eab00000,0x00000000ebe00000)
  from space 1536K, 100% used [0x00000000ec080000,0x00000000ec200000,0x00000000ec200000)
  to   space 512K, 0% used [0x00000000ec200000,0x00000000ec200000,0x00000000ec280000)
 ParOldGen       total 68608K, used 38189K [0x00000000c0000000, 0x00000000c4300000, 0x00000000eab00000)
  object space 68608K, 55% used [0x00000000c0000000,0x00000000c254b4e8,0x00000000c4300000)
 Metaspace       used 56765K, committed 57792K, reserved 1105920K
  class space    used 5977K, committed 6400K, reserved 1048576K
}
Event: 13.014 GC heap before
{Heap before GC invocations=28 (full 2):
 PSYoungGen      total 20992K, used 20992K [0x00000000eab00000, 0x00000000ec280000, 0x0000000100000000)
  eden space 19456K, 100% used [0x00000000eab00000,0x00000000ebe00000,0x00000000ebe00000)
  from space 1536K, 100% used [0x00000000ec080000,0x00000000ec200000,0x00000000ec200000)
  to   space 512K, 0% used [0x00000000ec200000,0x00000000ec200000,0x00000000ec280000)
 ParOldGen       total 68608K, used 38189K [0x00000000c0000000, 0x00000000c4300000, 0x00000000eab00000)
  object space 68608K, 55% used [0x00000000c0000000,0x00000000c254b4e8,0x00000000c4300000)
 Metaspace       used 57046K, committed 58112K, reserved 1105920K
  class space    used 6006K, committed 6464K, reserved 1048576K
}
Event: 13.018 GC heap after
{Heap after GC invocations=28 (full 2):
 PSYoungGen      total 19968K, used 487K [0x00000000eab00000, 0x00000000ec400000, 0x0000000100000000)
  eden space 19456K, 0% used [0x00000000eab00000,0x00000000eab00000,0x00000000ebe00000)
  from space 512K, 95% used [0x00000000ec200000,0x00000000ec279db8,0x00000000ec280000)
  to   space 3072K, 0% used [0x00000000ebe00000,0x00000000ebe00000,0x00000000ec100000)
 ParOldGen       total 68608K, used 40241K [0x00000000c0000000, 0x00000000c4300000, 0x00000000eab00000)
  object space 68608K, 58% used [0x00000000c0000000,0x00000000c274c7e0,0x00000000c4300000)
 Metaspace       used 57046K, committed 58112K, reserved 1105920K
  class space    used 6006K, committed 6464K, reserved 1048576K
}
Event: 14.468 GC heap before
{Heap before GC invocations=29 (full 2):
 PSYoungGen      total 19968K, used 16875K [0x00000000eab00000, 0x00000000ec400000, 0x0000000100000000)
  eden space 19456K, 84% used [0x00000000eab00000,0x00000000ebb01050,0x00000000ebe00000)
  from space 512K, 95% used [0x00000000ec200000,0x00000000ec279db8,0x00000000ec280000)
  to   space 3072K, 0% used [0x00000000ebe00000,0x00000000ebe00000,0x00000000ec100000)
 ParOldGen       total 68608K, used 40241K [0x00000000c0000000, 0x00000000c4300000, 0x00000000eab00000)
  object space 68608K, 58% used [0x00000000c0000000,0x00000000c274c7e0,0x00000000c4300000)
 Metaspace       used 58711K, committed 59776K, reserved 1105920K
  class space    used 6199K, committed 6656K, reserved 1048576K
}
Event: 14.470 GC heap after
{Heap after GC invocations=29 (full 2):
 PSYoungGen      total 20992K, used 1117K [0x00000000eab00000, 0x00000000ec280000, 0x0000000100000000)
  eden space 19456K, 0% used [0x00000000eab00000,0x00000000eab00000,0x00000000ebe00000)
  from space 1536K, 72% used [0x00000000ebe00000,0x00000000ebf174b0,0x00000000ebf80000)
  to   space 2048K, 0% used [0x00000000ec080000,0x00000000ec080000,0x00000000ec280000)
 ParOldGen       total 68608K, used 40713K [0x00000000c0000000, 0x00000000c4300000, 0x00000000eab00000)
  object space 68608K, 59% used [0x00000000c0000000,0x00000000c27c2668,0x00000000c4300000)
 Metaspace       used 58711K, committed 59776K, reserved 1105920K
  class space    used 6199K, committed 6656K, reserved 1048576K
}
Event: 14.470 GC heap before
{Heap before GC invocations=30 (full 3):
 PSYoungGen      total 20992K, used 1117K [0x00000000eab00000, 0x00000000ec280000, 0x0000000100000000)
  eden space 19456K, 0% used [0x00000000eab00000,0x00000000eab00000,0x00000000ebe00000)
  from space 1536K, 72% used [0x00000000ebe00000,0x00000000ebf174b0,0x00000000ebf80000)
  to   space 2048K, 0% used [0x00000000ec080000,0x00000000ec080000,0x00000000ec280000)
 ParOldGen       total 68608K, used 40713K [0x00000000c0000000, 0x00000000c4300000, 0x00000000eab00000)
  object space 68608K, 59% used [0x00000000c0000000,0x00000000c27c2668,0x00000000c4300000)
 Metaspace       used 58711K, committed 59776K, reserved 1105920K
  class space    used 6199K, committed 6656K, reserved 1048576K
}

